<?xml version='1.0' encoding='UTF-8'?>
<testsuite hostname="sto-m-axsu.local" name="fpinscala.datastructures.DataStructureSpec" tests="16" errors="0" failures="0" skipped="0" time="0.048" timestamp="2019-01-21T22:27:41">
                     <properties>
      <property name="jline.esc.timeout" value="0"/><property name="jna.platform.library.path" value="/usr/lib:/usr/lib"/><property name="java.runtime.name" value="Java(TM) SE Runtime Environment"/><property name="sun.boot.library.path" value="/Library/Java/JavaVirtualMachines/jdk1.8.0_181.jdk/Contents/Home/jre/lib"/><property name="java.vm.version" value="25.181-b13"/><property name="gopherProxySet" value="false"/><property name="java.vm.vendor" value="Oracle Corporation"/><property name="java.vendor.url" value="http://java.oracle.com/"/><property name="path.separator" value=":"/><property name="jna.loaded" value="true"/><property name="java.vm.name" value="Java HotSpot(TM) 64-Bit Server VM"/><property name="file.encoding.pkg" value="sun.io"/><property name="user.country" value="SE"/><property name="sun.java.launcher" value="SUN_STANDARD"/><property name="sun.os.patch.level" value="unknown"/><property name="jna.nosys" value="true"/><property name="java.vm.specification.name" value="Java Virtual Machine Specification"/><property name="user.dir" value="/Users/axsu/Documents/Scala_Projects/fpinscala"/><property name="java.runtime.version" value="1.8.0_181-b13"/><property name="java.awt.graphicsenv" value="sun.awt.CGraphicsEnvironment"/><property name="java.endorsed.dirs" value="/Library/Java/JavaVirtualMachines/jdk1.8.0_181.jdk/Contents/Home/jre/lib/endorsed"/><property name="os.arch" value="x86_64"/><property name="java.io.tmpdir" value="/var/folders/0w/d972cbms2xj2cdswc43pdq7m3jn4w9/T/"/><property name="line.separator" value="
"/><property name="java.vm.specification.vendor" value="Oracle Corporation"/><property name="os.name" value="Mac OS X"/><property name="sun.jnu.encoding" value="UTF-8"/><property name="jnidispatch.path" value="/var/folders/0w/d972cbms2xj2cdswc43pdq7m3jn4w9/T/jna-3008729/jna8840520010490382580.tmp"/><property name="java.library.path" value="/Users/axsu/Library/Java/Extensions:/Library/Java/Extensions:/Network/Library/Java/Extensions:/System/Library/Java/Extensions:/usr/lib/java:."/><property name="java.specification.name" value="Java Platform API Specification"/><property name="java.class.version" value="52.0"/><property name="sun.management.compiler" value="HotSpot 64-Bit Tiered Compilers"/><property name="os.version" value="10.13.6"/><property name="http.nonProxyHosts" value="local|*.local|169.254/16|*.169.254/16"/><property name="user.home" value="/Users/axsu"/><property name="user.timezone" value="Europe/Stockholm"/><property name="java.awt.printerjob" value="sun.lwawt.macosx.CPrinterJob"/><property name="file.encoding" value="UTF-8"/><property name="java.specification.version" value="1.8"/><property name="java.class.path" value="/usr/local/Cellar/sbt/1.2.4/libexec/bin/sbt-launch.jar"/><property name="user.name" value="axsu"/><property name="jline.shutdownhook" value="false"/><property name="java.vm.specification.version" value="1.8"/><property name="sun.java.command" value="/usr/local/Cellar/sbt/1.2.4/libexec/bin/sbt-launch.jar test"/><property name="java.home" value="/Library/Java/JavaVirtualMachines/jdk1.8.0_181.jdk/Contents/Home/jre"/><property name="sun.arch.data.model" value="64"/><property name="user.language" value="en"/><property name="java.specification.vendor" value="Oracle Corporation"/><property name="awt.toolkit" value="sun.lwawt.macosx.LWCToolkit"/><property name="java.vm.info" value="mixed mode"/><property name="java.version" value="1.8.0_181"/><property name="java.ext.dirs" value="/Users/axsu/Library/Java/Extensions:/Library/Java/JavaVirtualMachines/jdk1.8.0_181.jdk/Contents/Home/jre/lib/ext:/Library/Java/Extensions:/Network/Library/Java/Extensions:/System/Library/Java/Extensions:/usr/lib/java"/><property name="sun.boot.class.path" value="/Library/Java/JavaVirtualMachines/jdk1.8.0_181.jdk/Contents/Home/jre/lib/resources.jar:/Library/Java/JavaVirtualMachines/jdk1.8.0_181.jdk/Contents/Home/jre/lib/rt.jar:/Library/Java/JavaVirtualMachines/jdk1.8.0_181.jdk/Contents/Home/jre/lib/sunrsasign.jar:/Library/Java/JavaVirtualMachines/jdk1.8.0_181.jdk/Contents/Home/jre/lib/jsse.jar:/Library/Java/JavaVirtualMachines/jdk1.8.0_181.jdk/Contents/Home/jre/lib/jce.jar:/Library/Java/JavaVirtualMachines/jdk1.8.0_181.jdk/Contents/Home/jre/lib/charsets.jar:/Library/Java/JavaVirtualMachines/jdk1.8.0_181.jdk/Contents/Home/jre/lib/jfr.jar:/Library/Java/JavaVirtualMachines/jdk1.8.0_181.jdk/Contents/Home/jre/classes"/><property name="java.vendor" value="Oracle Corporation"/><property name="file.separator" value="/"/><property name="java.vendor.url.bug" value="http://bugreport.sun.com/bugreport/"/><property name="sun.io.unicode.encoding" value="UnicodeBig"/><property name="sun.cpu.endian" value="little"/><property name="socksNonProxyHosts" value="local|*.local|169.254/16|*.169.254/16"/><property name="ftp.nonProxyHosts" value="local|*.local|169.254/16|*.169.254/16"/><property name="sun.cpu.isalist" value=""/>
    </properties>
                     <testcase classname="fpinscala.datastructures.DataStructureSpec" name="Pattern match should the value of x should be 3" time="0.023">
                                                 
                                               </testcase><testcase classname="fpinscala.datastructures.DataStructureSpec" name="tail should return the first element of the list" time="0.0">
                                                 
                                               </testcase><testcase classname="fpinscala.datastructures.DataStructureSpec" name="tail should throw an error if called on empty MyList" time="0.001">
                                                 
                                               </testcase><testcase classname="fpinscala.datastructures.DataStructureSpec" name="drop while should remove all odd numbers from List of ints" time="0.001">
                                                 
                                               </testcase><testcase classname="fpinscala.datastructures.DataStructureSpec" name="init should return all elements except the last in a MyList" time="0.0">
                                                 
                                               </testcase><testcase classname="fpinscala.datastructures.DataStructureSpec" name="foldright should return 10 passing sum function and MyList(1,2,3,4)" time="0.002">
                                                 
                                               </testcase><testcase classname="fpinscala.datastructures.DataStructureSpec" name="length should return 5 if the length of MyList is 5" time="0.002">
                                                 
                                               </testcase><testcase classname="fpinscala.datastructures.DataStructureSpec" name="product2 should return 4 when the input is a MyList of (2, 2) using foldLeft" time="0.006">
                                                 
                                               </testcase><testcase classname="fpinscala.datastructures.DataStructureSpec" name="addOne should add 1 to each element in a list of integers" time="0.005">
                                                 
                                               </testcase><testcase classname="fpinscala.datastructures.DataStructureSpec" name="doubleToString should convert all Doubles in a List to Strings" time="0.001">
                                                 
                                               </testcase><testcase classname="fpinscala.datastructures.DataStructureSpec" name="mapAddOne should add 1 to each element in a list of integers" time="0.001">
                                                 
                                               </testcase><testcase classname="fpinscala.datastructures.DataStructureSpec" name="flatMap should be able to filter all odd elements in a list" time="0.002">
                                                 
                                               </testcase><testcase classname="fpinscala.datastructures.DataStructureSpec" name="zipWith should write (foo, bar) given List(f, ba), List(oo, r)" time="0.002">
                                                 
                                               </testcase><testcase classname="fpinscala.datastructures.DataStructureSpec" name="maximumTree should return 30 if 30 is the biggest Integer in a Tree" time="0.001">
                                                 
                                               </testcase><testcase classname="fpinscala.datastructures.DataStructureSpec" name="mapTree should add 10 to each element in a Tree of ints when passing x =&gt; x + 10" time="0.0">
                                                 
                                               </testcase><testcase classname="fpinscala.datastructures.DataStructureSpec" name="mapViaFold should add 10 to each element in a Tree of ints when passing x =&gt; x + 10" time="0.001">
                                                 
                                               </testcase>
                     <system-out><![CDATA[]]></system-out>
                     <system-err><![CDATA[]]></system-err>
                   </testsuite>